<?xml version="1.0" encoding="UTF-8"?>
<!-- Generated by org.testng.reporters.JUnitReportReporter -->
<testsuite hostname="DESKTOP-M6B0174" failures="0" tests="1" name="Runner_Demo.Form" time="65.700" errors="0" timestamp="2023-06-28T10:20:42 IST" skipped="0">
  <testcase classname="Runner_Demo.Form" name="run" time="65.700"/>
  <system-out/>
</testsuite> <!-- Runner_Demo.Form -->
