<?xml version="1.0" encoding="UTF-8"?>
<!-- Generated by org.testng.reporters.JUnitReportReporter -->
<testsuite hostname="DESKTOP-M6B0174" failures="0" tests="1" name="runner_Script.Runner" time="32.895" errors="0" timestamp="2023-06-22T10:33:35 IST" skipped="0">
  <testcase classname="runner_Script.Runner" name="runScript" time="32.895"/>
  <system-out/>
</testsuite> <!-- runner_Script.Runner -->
