<?xml version="1.0" encoding="UTF-8"?>
<!-- Generated by org.testng.reporters.JUnitReportReporter -->
<testsuite hostname="DESKTOP-M6B0174" failures="0" tests="2" name="generic_Script.Parellel_Execution" time="49.893" errors="0" timestamp="2023-06-23T10:17:44 IST" skipped="0">
  <testcase classname="generic_Script.Parellel_Execution" name="Parl_test1" time="19.261"/>
  <system-out/>
  <testcase classname="generic_Script.Parellel_Execution" name="Parl_test1" time="30.632"/>
  <system-out/>
</testsuite> <!-- generic_Script.Parellel_Execution -->
